<?xml version="1.0" encoding="UTF-8"?>
<!-- Generated by org.testng.reporters.JUnitXMLReporter -->
<testsuite ignored="3" hostname="DESKTOP-V8TS46C" failures="0" tests="2" name="Test_All(failed)(failed)" time="55.143" errors="0" timestamp="2022-07-19T22:39:02 IST">
  <testcase classname="com.mystore.testcases.HomePageTest" name="verifyWishList" time="13.068"/>
  <testcase classname="com.mystore.testcases.AccountCreationTest" name="verifyCreateAccountPageTest" time="6.469"/>
  <testcase classname="com.mystore.base.BaseClass" name="@BeforeSuite beforeSuite" time="0.0">
    <ignored/>
  </testcase> <!-- @BeforeSuite beforeSuite -->
  <testcase classname="com.mystore.testcases.HomePageTest" name="verifyOrderHistoryAndDetailsTest" time="0.0">
    <ignored/>
  </testcase> <!-- verifyOrderHistoryAndDetailsTest -->
  <testcase classname="com.mystore.base.BaseClass" name="@BeforeTest loadConfig" time="0.0">
    <ignored/>
  </testcase> <!-- @BeforeTest loadConfig -->
</testsuite> <!-- Test_All(failed)(failed) -->
